<?xml version="1.0" encoding="UTF-8"?>
<!-- Generated by org.testng.reporters.JUnitXMLReporter -->
<testsuite hostname="WIN-HPM5THPCLDL" name="Test" tests="4" failures="0" timestamp="21 May 2018 02:48:16 GMT" time="63.679" errors="0">
  <testcase name="Titulo" time="0.411" classname="Testing.TesteCampoDados"/>
  <testcase name="InformaTexto" time="47.145" classname="Testing.TesteCampoDados"/>
  <testcase name="EnviaValor" time="1.852" classname="Testing.TesteCampoDados"/>
  <testcase name="ValidaResultado" time="0.694" classname="Testing.TesteCampoDados"/>
</testsuite> <!-- Test -->
