<?xml version="1.0" encoding="UTF-8"?>
<testng-results skipped="0" failed="0" total="1" passed="1">
  <reporter-output>
  </reporter-output>
  <suite name="Suite" duration-ms="4433" started-at="2018-05-21T02:00:59Z" finished-at="2018-05-21T02:01:03Z">
    <groups>
    </groups>
    <test name="Test" duration-ms="4433" started-at="2018-05-21T02:00:59Z" finished-at="2018-05-21T02:01:03Z">
      <class name="Testing.TesteCampoDados">
        <test-method status="PASS" signature="beforeTest()[pri:0, instance:Testing.TesteCampoDados@204f30ec]" name="beforeTest" is-config="true" duration-ms="3474" started-at="2018-05-20T19:00:59Z" finished-at="2018-05-20T19:01:02Z">
          <reporter-output>
          </reporter-output>
        </test-method> <!-- beforeTest -->
        <test-method status="PASS" signature="f()[pri:0, instance:Testing.TesteCampoDados@204f30ec]" name="f" duration-ms="338" started-at="2018-05-20T19:01:02Z" finished-at="2018-05-20T19:01:03Z">
          <reporter-output>
          </reporter-output>
        </test-method> <!-- f -->
        <test-method status="PASS" signature="afterTest()[pri:0, instance:Testing.TesteCampoDados@204f30ec]" name="afterTest" is-config="true" duration-ms="583" started-at="2018-05-20T19:01:03Z" finished-at="2018-05-20T19:01:03Z">
          <reporter-output>
          </reporter-output>
        </test-method> <!-- afterTest -->
      </class> <!-- Testing.TesteCampoDados -->
    </test> <!-- Test -->
  </suite> <!-- Suite -->
</testng-results>
