<?xml version="1.0" encoding="UTF-8"?>
<testng-results skipped="0" failed="0" total="4" passed="4">
  <reporter-output>
  </reporter-output>
  <suite name="Suite" duration-ms="63679" started-at="2018-05-21T02:47:12Z" finished-at="2018-05-21T02:48:15Z">
    <groups>
    </groups>
    <test name="Test" duration-ms="63679" started-at="2018-05-21T02:47:12Z" finished-at="2018-05-21T02:48:15Z">
      <class name="Testing.TesteCampoDados">
        <test-method status="PASS" signature="beforeTest()[pri:0, instance:Testing.TesteCampoDados@204f30ec]" name="beforeTest" is-config="true" duration-ms="12657" started-at="2018-05-20T19:47:12Z" finished-at="2018-05-20T19:47:24Z">
          <reporter-output>
          </reporter-output>
        </test-method> <!-- beforeTest -->
        <test-method status="PASS" signature="Titulo()[pri:0, instance:Testing.TesteCampoDados@204f30ec]" name="Titulo" duration-ms="411" started-at="2018-05-20T19:47:24Z" finished-at="2018-05-20T19:47:25Z">
          <reporter-output>
          </reporter-output>
        </test-method> <!-- Titulo -->
        <test-method status="PASS" signature="InformaTexto()[pri:0, instance:Testing.TesteCampoDados@204f30ec]" name="InformaTexto" duration-ms="47145" started-at="2018-05-20T19:47:25Z" finished-at="2018-05-20T19:48:12Z">
          <reporter-output>
          </reporter-output>
        </test-method> <!-- InformaTexto -->
        <test-method status="PASS" signature="EnviaValor()[pri:0, instance:Testing.TesteCampoDados@204f30ec]" name="EnviaValor" duration-ms="1852" started-at="2018-05-20T19:48:12Z" finished-at="2018-05-20T19:48:14Z">
          <reporter-output>
          </reporter-output>
        </test-method> <!-- EnviaValor -->
        <test-method status="PASS" signature="ValidaResultado()[pri:0, instance:Testing.TesteCampoDados@204f30ec]" name="ValidaResultado" duration-ms="694" started-at="2018-05-20T19:48:14Z" finished-at="2018-05-20T19:48:14Z">
          <reporter-output>
          </reporter-output>
        </test-method> <!-- ValidaResultado -->
        <test-method status="PASS" signature="afterTest()[pri:0, instance:Testing.TesteCampoDados@204f30ec]" name="afterTest" is-config="true" duration-ms="795" started-at="2018-05-20T19:48:14Z" finished-at="2018-05-20T19:48:15Z">
          <reporter-output>
          </reporter-output>
        </test-method> <!-- afterTest -->
      </class> <!-- Testing.TesteCampoDados -->
    </test> <!-- Test -->
  </suite> <!-- Suite -->
</testng-results>
